2022-06-05 10:29:48.231 ERROR 5152 --- [main] o.s.boot.SpringApplication               : Application run failed

java.lang.IllegalStateException: Logback configuration error detected: 
ERROR in ch.qos.logback.core.joran.util.PropertySetter@343570b7 - Failed to get charset [CONSOLE_LOG_CHARSET_IS_UNDEFINED] java.nio.charset.UnsupportedCharsetException: CONSOLE_LOG_CHARSET_IS_UNDEFINED
ERROR in ch.qos.logback.core.joran.util.PropertySetter@157853da - Failed to get charset [FILE_LOG_CHARSET_IS_UNDEFINED] java.nio.charset.UnsupportedCharsetException: FILE_LOG_CHARSET_IS_UNDEFINED
	at org.springframework.boot.logging.logback.LogbackLoggingSystem.loadConfiguration(LogbackLoggingSystem.java:169)
	at org.springframework.boot.logging.AbstractLoggingSystem.initializeWithConventions(AbstractLoggingSystem.java:80)
	at org.springframework.boot.logging.AbstractLoggingSystem.initialize(AbstractLoggingSystem.java:60)
	at org.springframework.boot.logging.logback.LogbackLoggingSystem.initialize(LogbackLoggingSystem.java:118)
	at org.springframework.boot.context.logging.LoggingApplicationListener.initializeSystem(LoggingApplicationListener.java:306)
	at org.springframework.boot.context.logging.LoggingApplicationListener.initialize(LoggingApplicationListener.java:281)
	at org.springframework.boot.context.logging.LoggingApplicationListener.onApplicationEnvironmentPreparedEvent(LoggingApplicationListener.java:239)
	at org.springframework.boot.context.logging.LoggingApplicationListener.onApplicationEvent(LoggingApplicationListener.java:216)
	at org.springframework.context.event.SimpleApplicationEventMulticaster.doInvokeListener(SimpleApplicationEventMulticaster.java:172)
	at org.springframework.context.event.SimpleApplicationEventMulticaster.invokeListener(SimpleApplicationEventMulticaster.java:165)
	at org.springframework.context.event.SimpleApplicationEventMulticaster.multicastEvent(SimpleApplicationEventMulticaster.java:139)
	at org.springframework.context.event.SimpleApplicationEventMulticaster.multicastEvent(SimpleApplicationEventMulticaster.java:127)
	at org.springframework.boot.context.event.EventPublishingRunListener.environmentPrepared(EventPublishingRunListener.java:80)
	at org.springframework.boot.SpringApplicationRunListeners.environmentPrepared(SpringApplicationRunListeners.java:53)
	at org.springframework.boot.SpringApplication.prepareEnvironment(SpringApplication.java:345)
	at org.springframework.boot.SpringApplication.run(SpringApplication.java:308)
	at org.springframework.boot.SpringApplication.run(SpringApplication.java:1237)
	at org.springframework.boot.SpringApplication.run(SpringApplication.java:1226)
	at com.example.SpringBootWebTestApplication.main(SpringBootWebTestApplication.java:10)

2022-06-05 10:35:17.805 ERROR 20188 --- [main] o.s.boot.SpringApplication               : Application run failed

java.lang.IllegalStateException: Logback configuration error detected: 
ERROR in ch.qos.logback.core.joran.util.PropertySetter@71c3b41 - Failed to get charset [CONSOLE_LOG_CHARSET_IS_UNDEFINED] java.nio.charset.UnsupportedCharsetException: CONSOLE_LOG_CHARSET_IS_UNDEFINED
ERROR in ch.qos.logback.core.joran.util.PropertySetter@236e3f4e - Failed to get charset [FILE_LOG_CHARSET_IS_UNDEFINED] java.nio.charset.UnsupportedCharsetException: FILE_LOG_CHARSET_IS_UNDEFINED
	at org.springframework.boot.logging.logback.LogbackLoggingSystem.loadConfiguration(LogbackLoggingSystem.java:169)
	at org.springframework.boot.logging.AbstractLoggingSystem.initializeWithConventions(AbstractLoggingSystem.java:80)
	at org.springframework.boot.logging.AbstractLoggingSystem.initialize(AbstractLoggingSystem.java:60)
	at org.springframework.boot.logging.logback.LogbackLoggingSystem.initialize(LogbackLoggingSystem.java:118)
	at org.springframework.boot.context.logging.LoggingApplicationListener.initializeSystem(LoggingApplicationListener.java:306)
	at org.springframework.boot.context.logging.LoggingApplicationListener.initialize(LoggingApplicationListener.java:281)
	at org.springframework.boot.context.logging.LoggingApplicationListener.onApplicationEnvironmentPreparedEvent(LoggingApplicationListener.java:239)
	at org.springframework.boot.context.logging.LoggingApplicationListener.onApplicationEvent(LoggingApplicationListener.java:216)
	at org.springframework.context.event.SimpleApplicationEventMulticaster.doInvokeListener(SimpleApplicationEventMulticaster.java:172)
	at org.springframework.context.event.SimpleApplicationEventMulticaster.invokeListener(SimpleApplicationEventMulticaster.java:165)
	at org.springframework.context.event.SimpleApplicationEventMulticaster.multicastEvent(SimpleApplicationEventMulticaster.java:139)
	at org.springframework.context.event.SimpleApplicationEventMulticaster.multicastEvent(SimpleApplicationEventMulticaster.java:127)
	at org.springframework.boot.context.event.EventPublishingRunListener.environmentPrepared(EventPublishingRunListener.java:80)
	at org.springframework.boot.SpringApplicationRunListeners.environmentPrepared(SpringApplicationRunListeners.java:53)
	at org.springframework.boot.SpringApplication.prepareEnvironment(SpringApplication.java:345)
	at org.springframework.boot.SpringApplication.run(SpringApplication.java:308)
	at org.springframework.boot.SpringApplication.run(SpringApplication.java:1237)
	at org.springframework.boot.SpringApplication.run(SpringApplication.java:1226)
	at com.example.SpringBootWebTestApplication.main(SpringBootWebTestApplication.java:10)

2022-06-05 10:41:42.887 ERROR 9540 --- [main] o.s.boot.SpringApplication               : Application run failed

java.lang.IllegalStateException: Logback configuration error detected: 
ERROR in ch.qos.logback.core.joran.util.PropertySetter@71c3b41 - Failed to get charset [CONSOLE_LOG_CHARSET_IS_UNDEFINED] java.nio.charset.UnsupportedCharsetException: CONSOLE_LOG_CHARSET_IS_UNDEFINED
ERROR in ch.qos.logback.core.joran.util.PropertySetter@236e3f4e - Failed to get charset [FILE_LOG_CHARSET_IS_UNDEFINED] java.nio.charset.UnsupportedCharsetException: FILE_LOG_CHARSET_IS_UNDEFINED
	at org.springframework.boot.logging.logback.LogbackLoggingSystem.loadConfiguration(LogbackLoggingSystem.java:169)
	at org.springframework.boot.logging.AbstractLoggingSystem.initializeWithConventions(AbstractLoggingSystem.java:80)
	at org.springframework.boot.logging.AbstractLoggingSystem.initialize(AbstractLoggingSystem.java:60)
	at org.springframework.boot.logging.logback.LogbackLoggingSystem.initialize(LogbackLoggingSystem.java:118)
	at org.springframework.boot.context.logging.LoggingApplicationListener.initializeSystem(LoggingApplicationListener.java:306)
	at org.springframework.boot.context.logging.LoggingApplicationListener.initialize(LoggingApplicationListener.java:281)
	at org.springframework.boot.context.logging.LoggingApplicationListener.onApplicationEnvironmentPreparedEvent(LoggingApplicationListener.java:239)
	at org.springframework.boot.context.logging.LoggingApplicationListener.onApplicationEvent(LoggingApplicationListener.java:216)
	at org.springframework.context.event.SimpleApplicationEventMulticaster.doInvokeListener(SimpleApplicationEventMulticaster.java:172)
	at org.springframework.context.event.SimpleApplicationEventMulticaster.invokeListener(SimpleApplicationEventMulticaster.java:165)
	at org.springframework.context.event.SimpleApplicationEventMulticaster.multicastEvent(SimpleApplicationEventMulticaster.java:139)
	at org.springframework.context.event.SimpleApplicationEventMulticaster.multicastEvent(SimpleApplicationEventMulticaster.java:127)
	at org.springframework.boot.context.event.EventPublishingRunListener.environmentPrepared(EventPublishingRunListener.java:80)
	at org.springframework.boot.SpringApplicationRunListeners.environmentPrepared(SpringApplicationRunListeners.java:53)
	at org.springframework.boot.SpringApplication.prepareEnvironment(SpringApplication.java:345)
	at org.springframework.boot.SpringApplication.run(SpringApplication.java:308)
	at org.springframework.boot.SpringApplication.run(SpringApplication.java:1237)
	at org.springframework.boot.SpringApplication.run(SpringApplication.java:1226)
	at com.example.SpringBootWebTestApplication.main(SpringBootWebTestApplication.java:10)

2022-06-05 10:43:52.058 ERROR 17984 --- [main] o.s.boot.SpringApplication               : Application run failed

java.lang.IllegalStateException: Logback configuration error detected: 
ERROR in ch.qos.logback.core.joran.util.PropertySetter@71c3b41 - Failed to get charset [CONSOLE_LOG_CHARSET_IS_UNDEFINED] java.nio.charset.UnsupportedCharsetException: CONSOLE_LOG_CHARSET_IS_UNDEFINED
ERROR in ch.qos.logback.core.joran.util.PropertySetter@236e3f4e - Failed to get charset [FILE_LOG_CHARSET_IS_UNDEFINED] java.nio.charset.UnsupportedCharsetException: FILE_LOG_CHARSET_IS_UNDEFINED
	at org.springframework.boot.logging.logback.LogbackLoggingSystem.loadConfiguration(LogbackLoggingSystem.java:169)
	at org.springframework.boot.logging.AbstractLoggingSystem.initializeWithConventions(AbstractLoggingSystem.java:80)
	at org.springframework.boot.logging.AbstractLoggingSystem.initialize(AbstractLoggingSystem.java:60)
	at org.springframework.boot.logging.logback.LogbackLoggingSystem.initialize(LogbackLoggingSystem.java:118)
	at org.springframework.boot.context.logging.LoggingApplicationListener.initializeSystem(LoggingApplicationListener.java:306)
	at org.springframework.boot.context.logging.LoggingApplicationListener.initialize(LoggingApplicationListener.java:281)
	at org.springframework.boot.context.logging.LoggingApplicationListener.onApplicationEnvironmentPreparedEvent(LoggingApplicationListener.java:239)
	at org.springframework.boot.context.logging.LoggingApplicationListener.onApplicationEvent(LoggingApplicationListener.java:216)
	at org.springframework.context.event.SimpleApplicationEventMulticaster.doInvokeListener(SimpleApplicationEventMulticaster.java:172)
	at org.springframework.context.event.SimpleApplicationEventMulticaster.invokeListener(SimpleApplicationEventMulticaster.java:165)
	at org.springframework.context.event.SimpleApplicationEventMulticaster.multicastEvent(SimpleApplicationEventMulticaster.java:139)
	at org.springframework.context.event.SimpleApplicationEventMulticaster.multicastEvent(SimpleApplicationEventMulticaster.java:127)
	at org.springframework.boot.context.event.EventPublishingRunListener.environmentPrepared(EventPublishingRunListener.java:80)
	at org.springframework.boot.SpringApplicationRunListeners.environmentPrepared(SpringApplicationRunListeners.java:53)
	at org.springframework.boot.SpringApplication.prepareEnvironment(SpringApplication.java:345)
	at org.springframework.boot.SpringApplication.run(SpringApplication.java:308)
	at org.springframework.boot.SpringApplication.run(SpringApplication.java:1237)
	at org.springframework.boot.SpringApplication.run(SpringApplication.java:1226)
	at com.example.SpringBootWebTestApplication.main(SpringBootWebTestApplication.java:10)

2022-06-05 10:46:45.156  INFO 26400 --- [main] c.example.SpringBootWebTestApplication   : Starting SpringBootWebTestApplication on DESKTOP-953L1BJ with PID 26400 (D:\idea项目\SpringBootWebTest\target\classes started by 荣 in D:\idea项目\SpringBootWebTest)
2022-06-05 10:46:45.158  INFO 26400 --- [main] c.example.SpringBootWebTestApplication   : No active profile set, falling back to default profiles: default
2022-06-05 10:46:45.866  INFO 26400 --- [main] o.s.b.w.embedded.tomcat.TomcatWebServer  : Tomcat initialized with port(s): 8080 (http)
2022-06-05 10:46:45.873  INFO 26400 --- [main] o.apache.catalina.core.StandardService   : Starting service [Tomcat]
2022-06-05 10:46:45.873  INFO 26400 --- [main] org.apache.catalina.core.StandardEngine  : Starting Servlet engine: [Apache Tomcat/9.0.41]
2022-06-05 10:46:45.875  INFO 26400 --- [main] o.a.catalina.core.AprLifecycleListener   : Loaded Apache Tomcat Native library [1.2.33] using APR version [1.7.0].
2022-06-05 10:46:45.875  INFO 26400 --- [main] o.a.catalina.core.AprLifecycleListener   : APR capabilities: IPv6 [true], sendfile [true], accept filters [false], random [true].
2022-06-05 10:46:45.875  INFO 26400 --- [main] o.a.catalina.core.AprLifecycleListener   : APR/OpenSSL configuration: useAprConnector [false], useOpenSSL [true]
2022-06-05 10:46:45.878  INFO 26400 --- [main] o.a.catalina.core.AprLifecycleListener   : OpenSSL successfully initialized [OpenSSL 1.1.1o  3 May 2022]
2022-06-05 10:46:45.932  INFO 26400 --- [main] o.a.c.c.C.[Tomcat].[localhost].[/]       : Initializing Spring embedded WebApplicationContext
2022-06-05 10:46:45.933  INFO 26400 --- [main] w.s.c.ServletWebServerApplicationContext : Root WebApplicationContext: initialization completed in 747 ms
2022-06-05 10:46:46.167  INFO 26400 --- [main] o.s.s.concurrent.ThreadPoolTaskExecutor  : Initializing ExecutorService 'applicationTaskExecutor'
2022-06-05 10:46:46.208  INFO 26400 --- [main] o.s.b.a.w.s.WelcomePageHandlerMapping    : Adding welcome page template: index
2022-06-05 10:46:46.349  INFO 26400 --- [main] o.s.s.web.DefaultSecurityFilterChain     : Creating filter chain: any request, [org.springframework.security.web.context.request.async.WebAsyncManagerIntegrationFilter@2016f509, org.springframework.security.web.context.SecurityContextPersistenceFilter@20576557, org.springframework.security.web.header.HeaderWriterFilter@2ec3633f, org.springframework.security.web.csrf.CsrfFilter@53830483, org.springframework.security.web.authentication.logout.LogoutFilter@158f4cfe, org.springframework.security.web.authentication.UsernamePasswordAuthenticationFilter@1a0b5323, org.springframework.security.web.savedrequest.RequestCacheAwareFilter@45c2e0a6, org.springframework.security.web.servletapi.SecurityContextHolderAwareRequestFilter@1debc91c, org.springframework.security.web.authentication.rememberme.RememberMeAuthenticationFilter@782be4eb, org.springframework.security.web.authentication.AnonymousAuthenticationFilter@6f1a80fb, org.springframework.security.web.session.SessionManagementFilter@13275d8, org.springframework.security.web.access.ExceptionTranslationFilter@622fdb81, org.springframework.security.web.access.intercept.FilterSecurityInterceptor@70cccd8f]
2022-06-05 10:46:46.382  INFO 26400 --- [main] o.s.b.w.embedded.tomcat.TomcatWebServer  : Tomcat started on port(s): 8080 (http) with context path ''
2022-06-05 10:46:46.389  INFO 26400 --- [main] c.example.SpringBootWebTestApplication   : Started SpringBootWebTestApplication in 1.497 seconds (JVM running for 2.081)
2022-06-05 10:46:46.587  INFO 26400 --- [http-nio-8080-exec-2] o.a.c.c.C.[Tomcat].[localhost].[/]       : Initializing Spring DispatcherServlet 'dispatcherServlet'
2022-06-05 10:46:46.587  INFO 26400 --- [http-nio-8080-exec-2] o.s.web.servlet.DispatcherServlet        : Initializing Servlet 'dispatcherServlet'
2022-06-05 10:46:46.591  INFO 26400 --- [http-nio-8080-exec-2] o.s.web.servlet.DispatcherServlet        : Completed initialization in 3 ms
2022-06-05 10:59:04.265  INFO 26400 --- [SpringContextShutdownHook] o.s.s.concurrent.ThreadPoolTaskExecutor  : Shutting down ExecutorService 'applicationTaskExecutor'
2022-06-05 10:59:08.494  INFO 17324 --- [main] c.example.SpringBootWebTestApplication   : Starting SpringBootWebTestApplication on DESKTOP-953L1BJ with PID 17324 (D:\idea项目\SpringBootWebTest\target\classes started by 荣 in D:\idea项目\SpringBootWebTest)
2022-06-05 10:59:08.497  INFO 17324 --- [main] c.example.SpringBootWebTestApplication   : No active profile set, falling back to default profiles: default
2022-06-05 10:59:09.207  INFO 17324 --- [main] o.s.b.w.embedded.tomcat.TomcatWebServer  : Tomcat initialized with port(s): 8080 (http)
2022-06-05 10:59:09.214  INFO 17324 --- [main] o.apache.catalina.core.StandardService   : Starting service [Tomcat]
2022-06-05 10:59:09.214  INFO 17324 --- [main] org.apache.catalina.core.StandardEngine  : Starting Servlet engine: [Apache Tomcat/9.0.41]
2022-06-05 10:59:09.215  INFO 17324 --- [main] o.a.catalina.core.AprLifecycleListener   : Loaded Apache Tomcat Native library [1.2.33] using APR version [1.7.0].
2022-06-05 10:59:09.215  INFO 17324 --- [main] o.a.catalina.core.AprLifecycleListener   : APR capabilities: IPv6 [true], sendfile [true], accept filters [false], random [true].
2022-06-05 10:59:09.215  INFO 17324 --- [main] o.a.catalina.core.AprLifecycleListener   : APR/OpenSSL configuration: useAprConnector [false], useOpenSSL [true]
2022-06-05 10:59:09.216  INFO 17324 --- [main] o.a.catalina.core.AprLifecycleListener   : OpenSSL successfully initialized [OpenSSL 1.1.1o  3 May 2022]
2022-06-05 10:59:09.277  INFO 17324 --- [main] o.a.c.c.C.[Tomcat].[localhost].[/]       : Initializing Spring embedded WebApplicationContext
2022-06-05 10:59:09.277  INFO 17324 --- [main] w.s.c.ServletWebServerApplicationContext : Root WebApplicationContext: initialization completed in 755 ms
2022-06-05 10:59:09.528  INFO 17324 --- [main] o.s.s.concurrent.ThreadPoolTaskExecutor  : Initializing ExecutorService 'applicationTaskExecutor'
2022-06-05 10:59:09.568  INFO 17324 --- [main] o.s.b.a.w.s.WelcomePageHandlerMapping    : Adding welcome page template: index
2022-06-05 10:59:09.702  INFO 17324 --- [main] o.s.s.web.DefaultSecurityFilterChain     : Creating filter chain: any request, [org.springframework.security.web.context.request.async.WebAsyncManagerIntegrationFilter@2016f509, org.springframework.security.web.context.SecurityContextPersistenceFilter@20576557, org.springframework.security.web.header.HeaderWriterFilter@2ec3633f, org.springframework.security.web.csrf.CsrfFilter@53830483, org.springframework.security.web.authentication.logout.LogoutFilter@158f4cfe, org.springframework.security.web.authentication.UsernamePasswordAuthenticationFilter@1a0b5323, org.springframework.security.web.savedrequest.RequestCacheAwareFilter@45c2e0a6, org.springframework.security.web.servletapi.SecurityContextHolderAwareRequestFilter@1debc91c, org.springframework.security.web.authentication.rememberme.RememberMeAuthenticationFilter@782be4eb, org.springframework.security.web.authentication.AnonymousAuthenticationFilter@6f1a80fb, org.springframework.security.web.session.SessionManagementFilter@13275d8, org.springframework.security.web.access.ExceptionTranslationFilter@622fdb81, org.springframework.security.web.access.intercept.FilterSecurityInterceptor@70cccd8f]
2022-06-05 10:59:09.735  INFO 17324 --- [main] o.s.b.w.embedded.tomcat.TomcatWebServer  : Tomcat started on port(s): 8080 (http) with context path ''
2022-06-05 10:59:09.743  INFO 17324 --- [main] c.example.SpringBootWebTestApplication   : Started SpringBootWebTestApplication in 1.516 seconds (JVM running for 2.079)
2022-06-05 10:59:09.951  INFO 17324 --- [http-nio-8080-exec-1] o.a.c.c.C.[Tomcat].[localhost].[/]       : Initializing Spring DispatcherServlet 'dispatcherServlet'
2022-06-05 10:59:09.951  INFO 17324 --- [http-nio-8080-exec-1] o.s.web.servlet.DispatcherServlet        : Initializing Servlet 'dispatcherServlet'
2022-06-05 10:59:09.955  INFO 17324 --- [http-nio-8080-exec-1] o.s.web.servlet.DispatcherServlet        : Completed initialization in 4 ms
2022-06-05 10:59:09.990  INFO 17324 --- [http-nio-8080-exec-2] com.example.controller.MainController    : 用户访问了一次登陆界面
2022-06-05 10:59:10.222  INFO 17324 --- [http-nio-8080-exec-3] com.example.controller.MainController    : 用户访问了一次登陆界面
2022-06-05 11:00:56.989  INFO 17324 --- [SpringContextShutdownHook] o.s.s.concurrent.ThreadPoolTaskExecutor  : Shutting down ExecutorService 'applicationTaskExecutor'
2022-06-05 11:00:59.384  INFO 19432 --- [main] c.example.SpringBootWebTestApplication   : Starting SpringBootWebTestApplication on DESKTOP-953L1BJ with PID 19432 (D:\idea项目\SpringBootWebTest\target\classes started by 荣 in D:\idea项目\SpringBootWebTest)
2022-06-05 11:00:59.385  INFO 19432 --- [main] c.example.SpringBootWebTestApplication   : No active profile set, falling back to default profiles: default
2022-06-05 11:01:00.111  INFO 19432 --- [main] o.s.b.w.embedded.tomcat.TomcatWebServer  : Tomcat initialized with port(s): 8080 (http)
2022-06-05 11:01:00.117  INFO 19432 --- [main] o.apache.catalina.core.StandardService   : Starting service [Tomcat]
2022-06-05 11:01:00.117  INFO 19432 --- [main] org.apache.catalina.core.StandardEngine  : Starting Servlet engine: [Apache Tomcat/9.0.41]
2022-06-05 11:01:00.120  INFO 19432 --- [main] o.a.catalina.core.AprLifecycleListener   : Loaded Apache Tomcat Native library [1.2.33] using APR version [1.7.0].
2022-06-05 11:01:00.120  INFO 19432 --- [main] o.a.catalina.core.AprLifecycleListener   : APR capabilities: IPv6 [true], sendfile [true], accept filters [false], random [true].
2022-06-05 11:01:00.120  INFO 19432 --- [main] o.a.catalina.core.AprLifecycleListener   : APR/OpenSSL configuration: useAprConnector [false], useOpenSSL [true]
2022-06-05 11:01:00.121  INFO 19432 --- [main] o.a.catalina.core.AprLifecycleListener   : OpenSSL successfully initialized [OpenSSL 1.1.1o  3 May 2022]
2022-06-05 11:01:00.176  INFO 19432 --- [main] o.a.c.c.C.[Tomcat].[localhost].[/]       : Initializing Spring embedded WebApplicationContext
2022-06-05 11:01:00.177  INFO 19432 --- [main] w.s.c.ServletWebServerApplicationContext : Root WebApplicationContext: initialization completed in 767 ms
2022-06-05 11:01:00.399  INFO 19432 --- [main] o.s.s.concurrent.ThreadPoolTaskExecutor  : Initializing ExecutorService 'applicationTaskExecutor'
2022-06-05 11:01:00.438  INFO 19432 --- [main] o.s.b.a.w.s.WelcomePageHandlerMapping    : Adding welcome page template: index
2022-06-05 11:01:00.572  INFO 19432 --- [main] o.s.s.web.DefaultSecurityFilterChain     : Creating filter chain: any request, [org.springframework.security.web.context.request.async.WebAsyncManagerIntegrationFilter@496a31da, org.springframework.security.web.context.SecurityContextPersistenceFilter@7dd611c8, org.springframework.security.web.header.HeaderWriterFilter@6c6333cd, org.springframework.security.web.csrf.CsrfFilter@3db972d2, org.springframework.security.web.authentication.logout.LogoutFilter@14b0e127, org.springframework.security.web.authentication.UsernamePasswordAuthenticationFilter@3dd4a6fa, org.springframework.security.web.savedrequest.RequestCacheAwareFilter@1702830d, org.springframework.security.web.servletapi.SecurityContextHolderAwareRequestFilter@1000d54d, org.springframework.security.web.authentication.rememberme.RememberMeAuthenticationFilter@3c69362a, org.springframework.security.web.authentication.AnonymousAuthenticationFilter@7c251f90, org.springframework.security.web.session.SessionManagementFilter@7d9ba6c, org.springframework.security.web.access.ExceptionTranslationFilter@35f639fa, org.springframework.security.web.access.intercept.FilterSecurityInterceptor@73d4066e]
2022-06-05 11:01:00.609  INFO 19432 --- [main] o.s.b.w.embedded.tomcat.TomcatWebServer  : Tomcat started on port(s): 8080 (http) with context path ''
2022-06-05 11:01:00.616  INFO 19432 --- [main] c.example.SpringBootWebTestApplication   : Started SpringBootWebTestApplication in 1.508 seconds (JVM running for 2.071)
2022-06-05 11:01:00.819  INFO 19432 --- [http-nio-8080-exec-1] o.a.c.c.C.[Tomcat].[localhost].[/]       : Initializing Spring DispatcherServlet 'dispatcherServlet'
2022-06-05 11:01:00.819  INFO 19432 --- [http-nio-8080-exec-1] o.s.web.servlet.DispatcherServlet        : Initializing Servlet 'dispatcherServlet'
2022-06-05 11:01:00.823  INFO 19432 --- [http-nio-8080-exec-1] o.s.web.servlet.DispatcherServlet        : Completed initialization in 4 ms
2022-06-05 11:01:00.858  INFO 19432 --- [http-nio-8080-exec-2] com.example.controller.MainController    : 用户访问了一次登陆界面
2022-06-05 11:01:01.088  INFO 19432 --- [http-nio-8080-exec-3] com.example.controller.MainController    : 用户访问了一次登陆界面
2022-06-05 11:03:39.630  INFO 19432 --- [SpringContextShutdownHook] o.s.s.concurrent.ThreadPoolTaskExecutor  : Shutting down ExecutorService 'applicationTaskExecutor'
2022-06-05 11:03:42.064  INFO 3268 --- [main] c.example.SpringBootWebTestApplication   : Starting SpringBootWebTestApplication on DESKTOP-953L1BJ with PID 3268 (D:\idea项目\SpringBootWebTest\target\classes started by 荣 in D:\idea项目\SpringBootWebTest)
2022-06-05 11:03:42.066  INFO 3268 --- [main] c.example.SpringBootWebTestApplication   : No active profile set, falling back to default profiles: default
2022-06-05 11:03:42.771  INFO 3268 --- [main] o.s.b.w.embedded.tomcat.TomcatWebServer  : Tomcat initialized with port(s): 8080 (http)
2022-06-05 11:03:42.777  INFO 3268 --- [main] o.apache.catalina.core.StandardService   : Starting service [Tomcat]
2022-06-05 11:03:42.777  INFO 3268 --- [main] org.apache.catalina.core.StandardEngine  : Starting Servlet engine: [Apache Tomcat/9.0.41]
2022-06-05 11:03:42.778  INFO 3268 --- [main] o.a.catalina.core.AprLifecycleListener   : Loaded Apache Tomcat Native library [1.2.33] using APR version [1.7.0].
2022-06-05 11:03:42.778  INFO 3268 --- [main] o.a.catalina.core.AprLifecycleListener   : APR capabilities: IPv6 [true], sendfile [true], accept filters [false], random [true].
2022-06-05 11:03:42.778  INFO 3268 --- [main] o.a.catalina.core.AprLifecycleListener   : APR/OpenSSL configuration: useAprConnector [false], useOpenSSL [true]
2022-06-05 11:03:42.781  INFO 3268 --- [main] o.a.catalina.core.AprLifecycleListener   : OpenSSL successfully initialized [OpenSSL 1.1.1o  3 May 2022]
2022-06-05 11:03:42.836  INFO 3268 --- [main] o.a.c.c.C.[Tomcat].[localhost].[/]       : Initializing Spring embedded WebApplicationContext
2022-06-05 11:03:42.836  INFO 3268 --- [main] w.s.c.ServletWebServerApplicationContext : Root WebApplicationContext: initialization completed in 744 ms
2022-06-05 11:03:43.067  INFO 3268 --- [main] o.s.s.concurrent.ThreadPoolTaskExecutor  : Initializing ExecutorService 'applicationTaskExecutor'
2022-06-05 11:03:43.105  INFO 3268 --- [main] o.s.b.a.w.s.WelcomePageHandlerMapping    : Adding welcome page template: index
2022-06-05 11:03:43.244  INFO 3268 --- [main] o.s.s.web.DefaultSecurityFilterChain     : Creating filter chain: any request, [org.springframework.security.web.context.request.async.WebAsyncManagerIntegrationFilter@49ede9c7, org.springframework.security.web.context.SecurityContextPersistenceFilter@13741d5a, org.springframework.security.web.header.HeaderWriterFilter@3727f0ee, org.springframework.security.web.csrf.CsrfFilter@15b82644, org.springframework.security.web.authentication.logout.LogoutFilter@14b7786, org.springframework.security.web.authentication.UsernamePasswordAuthenticationFilter@6cfd9a54, org.springframework.security.web.savedrequest.RequestCacheAwareFilter@5c7668ba, org.springframework.security.web.servletapi.SecurityContextHolderAwareRequestFilter@7dd611c8, org.springframework.security.web.authentication.rememberme.RememberMeAuthenticationFilter@73fb1d7f, org.springframework.security.web.authentication.AnonymousAuthenticationFilter@6ecdbab8, org.springframework.security.web.session.SessionManagementFilter@fb713e7, org.springframework.security.web.access.ExceptionTranslationFilter@6ec7bce0, org.springframework.security.web.access.intercept.FilterSecurityInterceptor@6a0094c9]
2022-06-05 11:03:43.278  INFO 3268 --- [main] o.s.b.w.embedded.tomcat.TomcatWebServer  : Tomcat started on port(s): 8080 (http) with context path ''
2022-06-05 11:03:43.286  INFO 3268 --- [main] c.example.SpringBootWebTestApplication   : Started SpringBootWebTestApplication in 1.486 seconds (JVM running for 2.043)
2022-06-05 11:03:43.359  INFO 3268 --- [http-nio-8080-exec-1] o.a.c.c.C.[Tomcat].[localhost].[/]       : Initializing Spring DispatcherServlet 'dispatcherServlet'
2022-06-05 11:03:43.359  INFO 3268 --- [http-nio-8080-exec-1] o.s.web.servlet.DispatcherServlet        : Initializing Servlet 'dispatcherServlet'
2022-06-05 11:03:43.363  INFO 3268 --- [http-nio-8080-exec-1] o.s.web.servlet.DispatcherServlet        : Completed initialization in 4 ms
2022-06-05 11:03:43.401  INFO 3268 --- [http-nio-8080-exec-2] com.example.controller.MainController    : 用户访问了一次登陆界面
2022-06-05 11:03:43.644  INFO 3268 --- [http-nio-8080-exec-5] com.example.controller.MainController    : 用户访问了一次登陆界面
2022-06-05 11:04:00.017  INFO 3268 --- [SpringContextShutdownHook] o.s.s.concurrent.ThreadPoolTaskExecutor  : Shutting down ExecutorService 'applicationTaskExecutor'
2022-06-05 11:04:02.407  INFO 8284 --- [main] c.example.SpringBootWebTestApplication   : Starting SpringBootWebTestApplication on DESKTOP-953L1BJ with PID 8284 (D:\idea项目\SpringBootWebTest\target\classes started by 荣 in D:\idea项目\SpringBootWebTest)
2022-06-05 11:04:02.410  INFO 8284 --- [main] c.example.SpringBootWebTestApplication   : No active profile set, falling back to default profiles: default
2022-06-05 11:04:03.145  INFO 8284 --- [main] o.s.b.w.embedded.tomcat.TomcatWebServer  : Tomcat initialized with port(s): 8080 (http)
2022-06-05 11:04:03.156  INFO 8284 --- [main] o.apache.catalina.core.StandardService   : Starting service [Tomcat]
2022-06-05 11:04:03.156  INFO 8284 --- [main] org.apache.catalina.core.StandardEngine  : Starting Servlet engine: [Apache Tomcat/9.0.41]
2022-06-05 11:04:03.157  INFO 8284 --- [main] o.a.catalina.core.AprLifecycleListener   : Loaded Apache Tomcat Native library [1.2.33] using APR version [1.7.0].
2022-06-05 11:04:03.158  INFO 8284 --- [main] o.a.catalina.core.AprLifecycleListener   : APR capabilities: IPv6 [true], sendfile [true], accept filters [false], random [true].
2022-06-05 11:04:03.158  INFO 8284 --- [main] o.a.catalina.core.AprLifecycleListener   : APR/OpenSSL configuration: useAprConnector [false], useOpenSSL [true]
2022-06-05 11:04:03.161  INFO 8284 --- [main] o.a.catalina.core.AprLifecycleListener   : OpenSSL successfully initialized [OpenSSL 1.1.1o  3 May 2022]
2022-06-05 11:04:03.215  INFO 8284 --- [main] o.a.c.c.C.[Tomcat].[localhost].[/]       : Initializing Spring embedded WebApplicationContext
2022-06-05 11:04:03.216  INFO 8284 --- [main] w.s.c.ServletWebServerApplicationContext : Root WebApplicationContext: initialization completed in 779 ms
2022-06-05 11:04:03.441  INFO 8284 --- [main] o.s.s.concurrent.ThreadPoolTaskExecutor  : Initializing ExecutorService 'applicationTaskExecutor'
2022-06-05 11:04:03.478  INFO 8284 --- [main] o.s.b.a.w.s.WelcomePageHandlerMapping    : Adding welcome page template: index
2022-06-05 11:04:03.609  INFO 8284 --- [main] o.s.s.web.DefaultSecurityFilterChain     : Creating filter chain: any request, [org.springframework.security.web.context.request.async.WebAsyncManagerIntegrationFilter@49ede9c7, org.springframework.security.web.context.SecurityContextPersistenceFilter@13741d5a, org.springframework.security.web.header.HeaderWriterFilter@3727f0ee, org.springframework.security.web.csrf.CsrfFilter@15b82644, org.springframework.security.web.authentication.logout.LogoutFilter@14b7786, org.springframework.security.web.authentication.UsernamePasswordAuthenticationFilter@6cfd9a54, org.springframework.security.web.savedrequest.RequestCacheAwareFilter@5c7668ba, org.springframework.security.web.servletapi.SecurityContextHolderAwareRequestFilter@7dd611c8, org.springframework.security.web.authentication.rememberme.RememberMeAuthenticationFilter@73fb1d7f, org.springframework.security.web.authentication.AnonymousAuthenticationFilter@6ecdbab8, org.springframework.security.web.session.SessionManagementFilter@fb713e7, org.springframework.security.web.access.ExceptionTranslationFilter@6ec7bce0, org.springframework.security.web.access.intercept.FilterSecurityInterceptor@6a0094c9]
2022-06-05 11:04:03.642  INFO 8284 --- [main] o.s.b.w.embedded.tomcat.TomcatWebServer  : Tomcat started on port(s): 8080 (http) with context path ''
2022-06-05 11:04:03.649  INFO 8284 --- [main] c.example.SpringBootWebTestApplication   : Started SpringBootWebTestApplication in 1.508 seconds (JVM running for 2.057)
2022-06-05 11:04:03.849  INFO 8284 --- [http-nio-8080-exec-1] o.a.c.c.C.[Tomcat].[localhost].[/]       : Initializing Spring DispatcherServlet 'dispatcherServlet'
2022-06-05 11:04:03.850  INFO 8284 --- [http-nio-8080-exec-1] o.s.web.servlet.DispatcherServlet        : Initializing Servlet 'dispatcherServlet'
2022-06-05 11:04:03.854  INFO 8284 --- [http-nio-8080-exec-1] o.s.web.servlet.DispatcherServlet        : Completed initialization in 4 ms
2022-06-05 11:04:03.890  INFO 8284 --- [http-nio-8080-exec-2] com.example.controller.MainController    : 用户访问了一次登陆界面
2022-06-05 11:04:04.109  INFO 8284 --- [http-nio-8080-exec-3] com.example.controller.MainController    : 用户访问了一次登陆界面
2022-06-05 11:05:59.865  INFO 8284 --- [SpringContextShutdownHook] o.s.s.concurrent.ThreadPoolTaskExecutor  : Shutting down ExecutorService 'applicationTaskExecutor'
2022-06-05 11:06:02.373  INFO 15628 --- [main] c.example.SpringBootWebTestApplication   : Starting SpringBootWebTestApplication on DESKTOP-953L1BJ with PID 15628 (D:\idea项目\SpringBootWebTest\target\classes started by 荣 in D:\idea项目\SpringBootWebTest)
2022-06-05 11:06:02.375  INFO 15628 --- [main] c.example.SpringBootWebTestApplication   : No active profile set, falling back to default profiles: default
2022-06-05 11:06:03.094  INFO 15628 --- [main] o.s.b.w.embedded.tomcat.TomcatWebServer  : Tomcat initialized with port(s): 8080 (http)
2022-06-05 11:06:03.102  INFO 15628 --- [main] o.apache.catalina.core.StandardService   : Starting service [Tomcat]
2022-06-05 11:06:03.102  INFO 15628 --- [main] org.apache.catalina.core.StandardEngine  : Starting Servlet engine: [Apache Tomcat/9.0.41]
2022-06-05 11:06:03.104  INFO 15628 --- [main] o.a.catalina.core.AprLifecycleListener   : Loaded Apache Tomcat Native library [1.2.33] using APR version [1.7.0].
2022-06-05 11:06:03.104  INFO 15628 --- [main] o.a.catalina.core.AprLifecycleListener   : APR capabilities: IPv6 [true], sendfile [true], accept filters [false], random [true].
2022-06-05 11:06:03.104  INFO 15628 --- [main] o.a.catalina.core.AprLifecycleListener   : APR/OpenSSL configuration: useAprConnector [false], useOpenSSL [true]
2022-06-05 11:06:03.106  INFO 15628 --- [main] o.a.catalina.core.AprLifecycleListener   : OpenSSL successfully initialized [OpenSSL 1.1.1o  3 May 2022]
2022-06-05 11:06:03.161  INFO 15628 --- [main] o.a.c.c.C.[Tomcat].[localhost].[/]       : Initializing Spring embedded WebApplicationContext
2022-06-05 11:06:03.161  INFO 15628 --- [main] w.s.c.ServletWebServerApplicationContext : Root WebApplicationContext: initialization completed in 760 ms
2022-06-05 11:06:03.409  INFO 15628 --- [main] o.s.s.concurrent.ThreadPoolTaskExecutor  : Initializing ExecutorService 'applicationTaskExecutor'
2022-06-05 11:06:03.452  INFO 15628 --- [main] o.s.b.a.w.s.WelcomePageHandlerMapping    : Adding welcome page template: index
2022-06-05 11:06:03.585  INFO 15628 --- [main] o.s.s.web.DefaultSecurityFilterChain     : Creating filter chain: any request, [org.springframework.security.web.context.request.async.WebAsyncManagerIntegrationFilter@6dbcf214, org.springframework.security.web.context.SecurityContextPersistenceFilter@8deb645, org.springframework.security.web.header.HeaderWriterFilter@5aaaa446, org.springframework.security.web.csrf.CsrfFilter@a0f53fc, org.springframework.security.web.authentication.logout.LogoutFilter@1894593a, org.springframework.security.web.authentication.UsernamePasswordAuthenticationFilter@6ecdbab8, org.springframework.security.web.savedrequest.RequestCacheAwareFilter@5d425813, org.springframework.security.web.servletapi.SecurityContextHolderAwareRequestFilter@42b6d0cc, org.springframework.security.web.authentication.rememberme.RememberMeAuthenticationFilter@3f725306, org.springframework.security.web.authentication.AnonymousAuthenticationFilter@496a31da, org.springframework.security.web.session.SessionManagementFilter@3e47a03, org.springframework.security.web.access.ExceptionTranslationFilter@158f4cfe, org.springframework.security.web.access.intercept.FilterSecurityInterceptor@73fb1d7f]
2022-06-05 11:06:03.622  INFO 15628 --- [main] o.s.b.w.embedded.tomcat.TomcatWebServer  : Tomcat started on port(s): 8080 (http) with context path ''
2022-06-05 11:06:03.629  INFO 15628 --- [main] c.example.SpringBootWebTestApplication   : Started SpringBootWebTestApplication in 1.542 seconds (JVM running for 2.097)
2022-06-05 11:06:03.810  INFO 15628 --- [http-nio-8080-exec-1] o.a.c.c.C.[Tomcat].[localhost].[/]       : Initializing Spring DispatcherServlet 'dispatcherServlet'
2022-06-05 11:06:03.810  INFO 15628 --- [http-nio-8080-exec-1] o.s.web.servlet.DispatcherServlet        : Initializing Servlet 'dispatcherServlet'
2022-06-05 11:06:03.814  INFO 15628 --- [http-nio-8080-exec-1] o.s.web.servlet.DispatcherServlet        : Completed initialization in 4 ms
2022-06-05 11:06:03.852  INFO 15628 --- [http-nio-8080-exec-2] com.example.controller.MainController    : 用户访问了一次登陆界面
2022-06-05 11:06:04.073  INFO 15628 --- [http-nio-8080-exec-5] com.example.controller.MainController    : 用户访问了一次登陆界面
2022-06-05 11:08:04.564  INFO 15628 --- [SpringContextShutdownHook] o.s.s.concurrent.ThreadPoolTaskExecutor  : Shutting down ExecutorService 'applicationTaskExecutor'
2022-06-05 11:08:07.000  INFO 24716 --- [main] c.example.SpringBootWebTestApplication   : Starting SpringBootWebTestApplication on DESKTOP-953L1BJ with PID 24716 (D:\idea项目\SpringBootWebTest\target\classes started by 荣 in D:\idea项目\SpringBootWebTest)
2022-06-05 11:08:07.002  INFO 24716 --- [main] c.example.SpringBootWebTestApplication   : No active profile set, falling back to default profiles: default
2022-06-05 11:08:07.698  INFO 24716 --- [main] o.s.b.w.embedded.tomcat.TomcatWebServer  : Tomcat initialized with port(s): 8080 (http)
2022-06-05 11:08:07.703  INFO 24716 --- [main] o.apache.catalina.core.StandardService   : Starting service [Tomcat]
2022-06-05 11:08:07.703  INFO 24716 --- [main] org.apache.catalina.core.StandardEngine  : Starting Servlet engine: [Apache Tomcat/9.0.41]
2022-06-05 11:08:07.704  INFO 24716 --- [main] o.a.catalina.core.AprLifecycleListener   : Loaded Apache Tomcat Native library [1.2.33] using APR version [1.7.0].
2022-06-05 11:08:07.704  INFO 24716 --- [main] o.a.catalina.core.AprLifecycleListener   : APR capabilities: IPv6 [true], sendfile [true], accept filters [false], random [true].
2022-06-05 11:08:07.705  INFO 24716 --- [main] o.a.catalina.core.AprLifecycleListener   : APR/OpenSSL configuration: useAprConnector [false], useOpenSSL [true]
2022-06-05 11:08:07.707  INFO 24716 --- [main] o.a.catalina.core.AprLifecycleListener   : OpenSSL successfully initialized [OpenSSL 1.1.1o  3 May 2022]
2022-06-05 11:08:07.762  INFO 24716 --- [main] o.a.c.c.C.[Tomcat].[localhost].[/]       : Initializing Spring embedded WebApplicationContext
2022-06-05 11:08:07.763  INFO 24716 --- [main] w.s.c.ServletWebServerApplicationContext : Root WebApplicationContext: initialization completed in 735 ms
2022-06-05 11:08:08.000  INFO 24716 --- [main] o.s.s.concurrent.ThreadPoolTaskExecutor  : Initializing ExecutorService 'applicationTaskExecutor'
2022-06-05 11:08:08.041  INFO 24716 --- [main] o.s.b.a.w.s.WelcomePageHandlerMapping    : Adding welcome page template: index
2022-06-05 11:08:08.172  INFO 24716 --- [main] o.s.s.web.DefaultSecurityFilterChain     : Creating filter chain: any request, [org.springframework.security.web.context.request.async.WebAsyncManagerIntegrationFilter@3dd4a6fa, org.springframework.security.web.context.SecurityContextPersistenceFilter@5c7668ba, org.springframework.security.web.header.HeaderWriterFilter@fb713e7, org.springframework.security.web.csrf.CsrfFilter@574cd322, org.springframework.security.web.authentication.logout.LogoutFilter@63b3ee82, org.springframework.security.web.authentication.UsernamePasswordAuthenticationFilter@9aa2002, org.springframework.security.web.savedrequest.RequestCacheAwareFilter@158f4cfe, org.springframework.security.web.servletapi.SecurityContextHolderAwareRequestFilter@1702830d, org.springframework.security.web.authentication.rememberme.RememberMeAuthenticationFilter@25d2f66, org.springframework.security.web.authentication.AnonymousAuthenticationFilter@19f7222e, org.springframework.security.web.session.SessionManagementFilter@13741d5a, org.springframework.security.web.access.ExceptionTranslationFilter@3727f0ee, org.springframework.security.web.access.intercept.FilterSecurityInterceptor@10fda3d0]
2022-06-05 11:08:08.206  INFO 24716 --- [main] o.s.b.w.embedded.tomcat.TomcatWebServer  : Tomcat started on port(s): 8080 (http) with context path ''
2022-06-05 11:08:08.213  INFO 24716 --- [main] c.example.SpringBootWebTestApplication   : Started SpringBootWebTestApplication in 1.479 seconds (JVM running for 2.031)
2022-06-05 11:08:08.306  INFO 24716 --- [http-nio-8080-exec-1] o.a.c.c.C.[Tomcat].[localhost].[/]       : Initializing Spring DispatcherServlet 'dispatcherServlet'
2022-06-05 11:08:08.306  INFO 24716 --- [http-nio-8080-exec-1] o.s.web.servlet.DispatcherServlet        : Initializing Servlet 'dispatcherServlet'
2022-06-05 11:08:08.309  INFO 24716 --- [http-nio-8080-exec-1] o.s.web.servlet.DispatcherServlet        : Completed initialization in 3 ms
2022-06-05 11:08:08.345  INFO 24716 --- [http-nio-8080-exec-2] com.example.controller.MainController    : 用户访问了一次登陆界面
2022-06-05 11:08:08.571  INFO 24716 --- [http-nio-8080-exec-7] com.example.controller.MainController    : 用户访问了一次登陆界面
2022-06-05 11:24:33.133  INFO 24716 --- [SpringContextShutdownHook] o.s.s.concurrent.ThreadPoolTaskExecutor  : Shutting down ExecutorService 'applicationTaskExecutor'
2022-06-05 19:36:51.569  INFO 3904 --- [main] c.example.SpringBootWebTestApplication   : Starting SpringBootWebTestApplication on DESKTOP-953L1BJ with PID 3904 (D:\idea项目\SpringBootWebTest\target\classes started by 荣 in D:\idea项目\SpringBootWebTest)
2022-06-05 19:36:51.571  INFO 3904 --- [main] c.example.SpringBootWebTestApplication   : The following profiles are active: prod
2022-06-05 19:36:52.554  INFO 3904 --- [main] o.s.b.w.embedded.tomcat.TomcatWebServer  : Tomcat initialized with port(s): 80 (http)
2022-06-05 19:36:52.562  INFO 3904 --- [main] o.apache.catalina.core.StandardService   : Starting service [Tomcat]
2022-06-05 19:36:52.562  INFO 3904 --- [main] org.apache.catalina.core.StandardEngine  : Starting Servlet engine: [Apache Tomcat/9.0.41]
2022-06-05 19:36:52.563  INFO 3904 --- [main] o.a.catalina.core.AprLifecycleListener   : Loaded Apache Tomcat Native library [1.2.33] using APR version [1.7.0].
2022-06-05 19:36:52.564  INFO 3904 --- [main] o.a.catalina.core.AprLifecycleListener   : APR capabilities: IPv6 [true], sendfile [true], accept filters [false], random [true].
2022-06-05 19:36:52.564  INFO 3904 --- [main] o.a.catalina.core.AprLifecycleListener   : APR/OpenSSL configuration: useAprConnector [false], useOpenSSL [true]
2022-06-05 19:36:52.578  INFO 3904 --- [main] o.a.catalina.core.AprLifecycleListener   : OpenSSL successfully initialized [OpenSSL 1.1.1o  3 May 2022]
2022-06-05 19:36:52.661  INFO 3904 --- [main] o.a.c.c.C.[Tomcat].[localhost].[/]       : Initializing Spring embedded WebApplicationContext
2022-06-05 19:36:52.661  INFO 3904 --- [main] w.s.c.ServletWebServerApplicationContext : Root WebApplicationContext: initialization completed in 1061 ms
2022-06-05 19:36:52.928  INFO 3904 --- [main] o.s.s.concurrent.ThreadPoolTaskExecutor  : Initializing ExecutorService 'applicationTaskExecutor'
2022-06-05 19:36:52.984  INFO 3904 --- [main] o.s.b.a.w.s.WelcomePageHandlerMapping    : Adding welcome page template: index
2022-06-05 19:36:53.189  INFO 3904 --- [main] o.s.s.web.DefaultSecurityFilterChain     : Creating filter chain: any request, [org.springframework.security.web.context.request.async.WebAsyncManagerIntegrationFilter@17d32e9b, org.springframework.security.web.context.SecurityContextPersistenceFilter@684b31de, org.springframework.security.web.header.HeaderWriterFilter@5d425813, org.springframework.security.web.csrf.CsrfFilter@2d272b0d, org.springframework.security.web.authentication.logout.LogoutFilter@54cf7c6a, org.springframework.security.web.authentication.UsernamePasswordAuthenticationFilter@45404d5, org.springframework.security.web.savedrequest.RequestCacheAwareFilter@1a2909ae, org.springframework.security.web.servletapi.SecurityContextHolderAwareRequestFilter@2620e717, org.springframework.security.web.authentication.rememberme.RememberMeAuthenticationFilter@6dbcf214, org.springframework.security.web.authentication.AnonymousAuthenticationFilter@66f0548d, org.springframework.security.web.session.SessionManagementFilter@6a937336, org.springframework.security.web.access.ExceptionTranslationFilter@8deb645, org.springframework.security.web.access.intercept.FilterSecurityInterceptor@49ede9c7]
2022-06-05 19:36:53.232  INFO 3904 --- [main] o.s.b.w.embedded.tomcat.TomcatWebServer  : Tomcat started on port(s): 80 (http) with context path ''
2022-06-05 19:36:53.240  INFO 3904 --- [main] c.example.SpringBootWebTestApplication   : Started SpringBootWebTestApplication in 2.051 seconds (JVM running for 2.804)
2022-06-05 19:37:01.944  INFO 3904 --- [http-nio-80-exec-1] o.a.c.c.C.[Tomcat].[localhost].[/]       : Initializing Spring DispatcherServlet 'dispatcherServlet'
2022-06-05 19:37:01.944  INFO 3904 --- [http-nio-80-exec-1] o.s.web.servlet.DispatcherServlet        : Initializing Servlet 'dispatcherServlet'
2022-06-05 19:37:01.948  INFO 3904 --- [http-nio-80-exec-1] o.s.web.servlet.DispatcherServlet        : Completed initialization in 4 ms
2022-06-05 19:37:01.990  INFO 3904 --- [http-nio-80-exec-2] com.example.controller.MainController    : 用户访问了一次登陆界面
2022-06-05 19:37:02.247  INFO 3904 --- [http-nio-80-exec-3] com.example.controller.MainController    : 用户访问了一次登陆界面
2022-06-05 19:40:33.531  INFO 3904 --- [SpringContextShutdownHook] o.s.s.concurrent.ThreadPoolTaskExecutor  : Shutting down ExecutorService 'applicationTaskExecutor'
2022-06-05 19:41:33.813  INFO 22796 --- [main] c.example.SpringBootWebTestApplication   : Starting SpringBootWebTestApplication on DESKTOP-953L1BJ with PID 22796 (D:\idea项目\SpringBootWebTest\target\classes started by 荣 in D:\idea项目\SpringBootWebTest)
2022-06-05 19:41:33.816  INFO 22796 --- [main] c.example.SpringBootWebTestApplication   : The following profiles are active: dev
2022-06-05 19:41:34.549  INFO 22796 --- [main] o.s.b.w.embedded.tomcat.TomcatWebServer  : Tomcat initialized with port(s): 8080 (http)
2022-06-05 19:41:34.555  INFO 22796 --- [main] o.apache.catalina.core.StandardService   : Starting service [Tomcat]
2022-06-05 19:41:34.556  INFO 22796 --- [main] org.apache.catalina.core.StandardEngine  : Starting Servlet engine: [Apache Tomcat/9.0.41]
2022-06-05 19:41:34.557  INFO 22796 --- [main] o.a.catalina.core.AprLifecycleListener   : Loaded Apache Tomcat Native library [1.2.33] using APR version [1.7.0].
2022-06-05 19:41:34.557  INFO 22796 --- [main] o.a.catalina.core.AprLifecycleListener   : APR capabilities: IPv6 [true], sendfile [true], accept filters [false], random [true].
2022-06-05 19:41:34.557  INFO 22796 --- [main] o.a.catalina.core.AprLifecycleListener   : APR/OpenSSL configuration: useAprConnector [false], useOpenSSL [true]
2022-06-05 19:41:34.559  INFO 22796 --- [main] o.a.catalina.core.AprLifecycleListener   : OpenSSL successfully initialized [OpenSSL 1.1.1o  3 May 2022]
2022-06-05 19:41:34.614  INFO 22796 --- [main] o.a.c.c.C.[Tomcat].[localhost].[/]       : Initializing Spring embedded WebApplicationContext
2022-06-05 19:41:34.614  INFO 22796 --- [main] w.s.c.ServletWebServerApplicationContext : Root WebApplicationContext: initialization completed in 771 ms
2022-06-05 19:41:34.838  INFO 22796 --- [main] o.s.s.concurrent.ThreadPoolTaskExecutor  : Initializing ExecutorService 'applicationTaskExecutor'
2022-06-05 19:41:34.880  INFO 22796 --- [main] o.s.b.a.w.s.WelcomePageHandlerMapping    : Adding welcome page template: index
2022-06-05 19:41:35.019  INFO 22796 --- [main] o.s.s.web.DefaultSecurityFilterChain     : Creating filter chain: any request, [org.springframework.security.web.context.request.async.WebAsyncManagerIntegrationFilter@108a46d6, org.springframework.security.web.context.SecurityContextPersistenceFilter@a0db585, org.springframework.security.web.header.HeaderWriterFilter@63b3ee82, org.springframework.security.web.csrf.CsrfFilter@7d9ba6c, org.springframework.security.web.authentication.logout.LogoutFilter@636bbbbb, org.springframework.security.web.authentication.UsernamePasswordAuthenticationFilter@741f8dbe, org.springframework.security.web.savedrequest.RequestCacheAwareFilter@3d37203b, org.springframework.security.web.servletapi.SecurityContextHolderAwareRequestFilter@78010562, org.springframework.security.web.authentication.rememberme.RememberMeAuthenticationFilter@65d57e4e, org.springframework.security.web.authentication.AnonymousAuthenticationFilter@7a8406c2, org.springframework.security.web.session.SessionManagementFilter@7c8d5312, org.springframework.security.web.access.ExceptionTranslationFilter@14b7786, org.springframework.security.web.access.intercept.FilterSecurityInterceptor@5ba26eb0]
2022-06-05 19:41:35.055  INFO 22796 --- [main] o.s.b.w.embedded.tomcat.TomcatWebServer  : Tomcat started on port(s): 8080 (http) with context path ''
2022-06-05 19:41:35.062  INFO 22796 --- [main] c.example.SpringBootWebTestApplication   : Started SpringBootWebTestApplication in 1.539 seconds (JVM running for 2.118)
2022-06-05 19:41:35.225  INFO 22796 --- [http-nio-8080-exec-1] o.a.c.c.C.[Tomcat].[localhost].[/]       : Initializing Spring DispatcherServlet 'dispatcherServlet'
2022-06-05 19:41:35.225  INFO 22796 --- [http-nio-8080-exec-1] o.s.web.servlet.DispatcherServlet        : Initializing Servlet 'dispatcherServlet'
2022-06-05 19:41:35.229  INFO 22796 --- [http-nio-8080-exec-1] o.s.web.servlet.DispatcherServlet        : Completed initialization in 4 ms
2022-06-05 19:41:35.263  INFO 22796 --- [http-nio-8080-exec-2] com.example.controller.MainController    : 用户访问了一次登陆界面
2022-06-05 19:41:35.526  INFO 22796 --- [http-nio-8080-exec-3] com.example.controller.MainController    : 用户访问了一次登陆界面
2022-06-05 19:41:46.769  INFO 22796 --- [SpringContextShutdownHook] o.s.s.concurrent.ThreadPoolTaskExecutor  : Shutting down ExecutorService 'applicationTaskExecutor'
2022-06-05 19:41:50.554  INFO 18052 --- [main] c.example.SpringBootWebTestApplication   : Starting SpringBootWebTestApplication on DESKTOP-953L1BJ with PID 18052 (D:\idea项目\SpringBootWebTest\target\classes started by 荣 in D:\idea项目\SpringBootWebTest)
2022-06-05 19:41:50.556  INFO 18052 --- [main] c.example.SpringBootWebTestApplication   : The following profiles are active: prod
2022-06-05 19:41:51.165  INFO 18052 --- [main] o.s.b.w.embedded.tomcat.TomcatWebServer  : Tomcat initialized with port(s): 80 (http)
2022-06-05 19:41:51.170  INFO 18052 --- [main] o.apache.catalina.core.StandardService   : Starting service [Tomcat]
2022-06-05 19:41:51.170  INFO 18052 --- [main] org.apache.catalina.core.StandardEngine  : Starting Servlet engine: [Apache Tomcat/9.0.41]
2022-06-05 19:41:51.171  INFO 18052 --- [main] o.a.catalina.core.AprLifecycleListener   : Loaded Apache Tomcat Native library [1.2.33] using APR version [1.7.0].
2022-06-05 19:41:51.171  INFO 18052 --- [main] o.a.catalina.core.AprLifecycleListener   : APR capabilities: IPv6 [true], sendfile [true], accept filters [false], random [true].
2022-06-05 19:41:51.171  INFO 18052 --- [main] o.a.catalina.core.AprLifecycleListener   : APR/OpenSSL configuration: useAprConnector [false], useOpenSSL [true]
2022-06-05 19:41:51.173  INFO 18052 --- [main] o.a.catalina.core.AprLifecycleListener   : OpenSSL successfully initialized [OpenSSL 1.1.1o  3 May 2022]
2022-06-05 19:41:51.218  INFO 18052 --- [main] o.a.c.c.C.[Tomcat].[localhost].[/]       : Initializing Spring embedded WebApplicationContext
2022-06-05 19:41:51.218  INFO 18052 --- [main] w.s.c.ServletWebServerApplicationContext : Root WebApplicationContext: initialization completed in 637 ms
2022-06-05 19:41:51.413  INFO 18052 --- [main] o.s.s.concurrent.ThreadPoolTaskExecutor  : Initializing ExecutorService 'applicationTaskExecutor'
2022-06-05 19:41:51.447  INFO 18052 --- [main] o.s.b.a.w.s.WelcomePageHandlerMapping    : Adding welcome page template: index
2022-06-05 19:41:51.567  INFO 18052 --- [main] o.s.s.web.DefaultSecurityFilterChain     : Creating filter chain: any request, [org.springframework.security.web.context.request.async.WebAsyncManagerIntegrationFilter@2a2ef072, org.springframework.security.web.context.SecurityContextPersistenceFilter@1894593a, org.springframework.security.web.header.HeaderWriterFilter@a0db585, org.springframework.security.web.csrf.CsrfFilter@1702830d, org.springframework.security.web.authentication.logout.LogoutFilter@716e431d, org.springframework.security.web.authentication.UsernamePasswordAuthenticationFilter@6daf7d37, org.springframework.security.web.savedrequest.RequestCacheAwareFilter@10823d72, org.springframework.security.web.servletapi.SecurityContextHolderAwareRequestFilter@67f3d192, org.springframework.security.web.authentication.rememberme.RememberMeAuthenticationFilter@9fc9f91, org.springframework.security.web.authentication.AnonymousAuthenticationFilter@704641e3, org.springframework.security.web.session.SessionManagementFilter@3d37203b, org.springframework.security.web.access.ExceptionTranslationFilter@7c8d5312, org.springframework.security.web.access.intercept.FilterSecurityInterceptor@2e6f610d]
2022-06-05 19:41:51.599  INFO 18052 --- [main] o.s.b.w.embedded.tomcat.TomcatWebServer  : Tomcat started on port(s): 80 (http) with context path ''
2022-06-05 19:41:51.605  INFO 18052 --- [main] c.example.SpringBootWebTestApplication   : Started SpringBootWebTestApplication in 1.324 seconds (JVM running for 1.879)
2022-06-05 19:42:13.022  INFO 18052 --- [http-nio-80-exec-1] o.a.c.c.C.[Tomcat].[localhost].[/]       : Initializing Spring DispatcherServlet 'dispatcherServlet'
2022-06-05 19:42:13.023  INFO 18052 --- [http-nio-80-exec-1] o.s.web.servlet.DispatcherServlet        : Initializing Servlet 'dispatcherServlet'
2022-06-05 19:42:13.026  INFO 18052 --- [http-nio-80-exec-1] o.s.web.servlet.DispatcherServlet        : Completed initialization in 3 ms
2022-06-05 19:42:13.049  INFO 18052 --- [http-nio-80-exec-1] com.example.controller.MainController    : 用户访问了一次登陆界面
2022-06-05 19:42:13.262  INFO 18052 --- [http-nio-80-exec-7] com.example.controller.MainController    : 用户访问了一次登陆界面
2022-06-05 19:42:26.462  INFO 18052 --- [http-nio-80-exec-9] com.example.controller.MainController    : 用户访问了一次登陆界面
2022-06-05 19:42:26.555  INFO 18052 --- [http-nio-80-exec-8] com.example.controller.MainController    : 用户访问了一次登陆界面
2022-06-05 20:40:59.637  INFO 18052 --- [SpringContextShutdownHook] o.s.s.concurrent.ThreadPoolTaskExecutor  : Shutting down ExecutorService 'applicationTaskExecutor'
